<?xml version="1.0" encoding="UTF-8"?>
<testng-results ignored="0" total="2" passed="2" failed="0" skipped="0">
  <reporter-output>
  </reporter-output>
  <suite started-at="2025-04-27T12:19:57 IST" name="Default suite" finished-at="2025-04-27T12:20:06 IST" duration-ms="8627">
    <groups>
    </groups>
    <test started-at="2025-04-27T12:19:57 IST" name="Default test" finished-at="2025-04-27T12:20:06 IST" duration-ms="8627">
      <class name="TestingALL.Testing">
        <test-method is-config="true" signature="beforeClass()[pri:0, instance:TestingALL.Testing@4cc451f2]" started-at="2025-04-27T12:19:57 IST" name="beforeClass" finished-at="2025-04-27T12:19:58 IST" duration-ms="1163" status="PASS">
          <reporter-output>
          </reporter-output>
        </test-method> <!-- beforeClass -->
        <test-method signature="f()[pri:1, instance:TestingALL.Testing@4cc451f2]" started-at="2025-04-27T12:19:58 IST" name="f" finished-at="2025-04-27T12:20:06 IST" duration-ms="7291" status="PASS">
          <reporter-output>
          </reporter-output>
        </test-method> <!-- f -->
        <test-method signature="loginTest()[pri:2, instance:TestingALL.Testing@4cc451f2]" started-at="2025-04-27T12:20:06 IST" name="loginTest" finished-at="2025-04-27T12:20:06 IST" duration-ms="143" status="PASS">
          <reporter-output>
          </reporter-output>
        </test-method> <!-- loginTest -->
      </class> <!-- TestingALL.Testing -->
    </test> <!-- Default test -->
  </suite> <!-- Default suite -->
</testng-results>
